<?xml version="1.0" encoding="UTF-8" ?>
<testsuite errors="0" failures="0" hostname="минипекка" name="Utils.CheckerTest" skipped="0" tests="29" time="0.086" timestamp="2026-06-09T08:31:31">
  <properties>
[...]
</properties>
  <testcase classname="Utils.CheckerTest" name="testHitCircleCorner" time="0.016" />
  <testcase classname="Utils.CheckerTest" name="testYBelowLowerBound" time="0.0" />
  <testcase classname="Utils.CheckerTest" name="testHitRectangleCorner" time="0.0" />
  <testcase classname="Utils.CheckerTest" name="testHitCircleInside" time="0.0" />
  <testcase classname="Utils.CheckerTest" name="testEdgeCaseMaxRMinX" time="0.0" />
  <testcase classname="Utils.CheckerTest" name="testHitRectangleInside" time="0.0" />
  <testcase classname="Utils.CheckerTest" name="testHitTriangleBoundary" time="0.0" />
  <testcase classname="Utils.CheckerTest" name="testMissRectangleXTooLarge" time="0.0" />
  <testcase classname="Utils.CheckerTest" name="testMissInFourthQuadrant" time="0.0" />
  <testcase classname="Utils.CheckerTest" name="testInvalidXTooLarge" time="0.0" />
  <testcase classname="Utils.CheckerTest" name="testInvalidXTooSmall" time="0.0" />
  <testcase classname="Utils.CheckerTest" name="testRLowerBound" time="0.0" />
  <testcase classname="Utils.CheckerTest" name="testYLowerBound" time="0.0" />
  <testcase classname="Utils.CheckerTest" name="testMissTriangleOutside" time="0.0" />
  <testcase classname="Utils.CheckerTest" name="testResultIsHitOrMiss" time="0.0" />
  <testcase classname="Utils.CheckerTest" name="testAllValidXValues" time="0.016" />
  <testcase classname="Utils.CheckerTest" name="testMissCircleOutside" time="0.0" />
  <testcase classname="Utils.CheckerTest" name="testEdgeCaseMinRMaxX" time="0.0" />
  <testcase classname="Utils.CheckerTest" name="testHitTriangleInside" time="0.0" />
  <testcase classname="Utils.CheckerTest" name="testRUpperBound" time="0.0" />
  <testcase classname="Utils.CheckerTest" name="testHitTriangleOrigin" time="0.0" />
  <testcase classname="Utils.CheckerTest" name="testRAboveUpperBound" time="0.0" />
  <testcase classname="Utils.CheckerTest" name="testYUpperBound" time="0.0" />
  <testcase classname="Utils.CheckerTest" name="testMissRectangleYTooLarge" time="0.0" />
  <testcase classname="Utils.CheckerTest" name="testRBelowLowerBound" time="0.0" />
  <testcase classname="Utils.CheckerTest" name="testMissFarOutside" time="0.0" />
  <testcase classname="Utils.CheckerTest" name="testYAboveUpperBound" time="0.0" />
  <testcase classname="Utils.CheckerTest" name="testValidXValues" time="0.0" />
  <testcase classname="Utils.CheckerTest" name="testHitCircleBoundary" time="0.0" />
  <system-out><![CDATA[]]></system-out>
  <system-err><![CDATA[]]></system-err>
</testsuite>
